Ijkplayer/build/intermediates/manifest_merge_blame_file/debug/manifest-merger-blame-debug-report.txt
1<?xml version="1.0" encoding="utf-8"?>
2<manifest xmlns:android="http://schemas.android.com/apk/res/android"
3    package="tv.danmaku.ijk.media.player" >
4
5    <uses-sdk
5-->src\main\AndroidManifest.xml:4:5-5:37
6        android:minSdkVersion="14"
6-->src\main\AndroidManifest.xml:5:9-34
7        android:targetSdkVersion="23" />
7-->src\main\AndroidManifest.xml:4:5-5:37
8
9</manifest>